<?xml version="1.0" encoding="UTF-8"?>
<!-- Generated by org.testng.reporters.JUnitXMLReporter -->
<testsuite hostname="yasirzaya" ignored="0" name="Command line test" tests="3" failures="0" timestamp="04 May 2019 16:02:32 GMT" time="57.242" errors="0">
  <testcase name="getTextTest" time="15.714" classname="com.maven.project.GetTextTest"/>
  <testcase name="getTitleTest" time="24.784" classname="com.maven.project.GetTitleTest"/>
  <testcase name="loginTest" time="16.666" classname="com.maven.project.LoginTest"/>
</testsuite> <!-- Command line test -->
