<?xml version="1.0" encoding="UTF-8"?>
<testng-results skipped="0" failed="0" ignored="0" total="2" passed="2">
  <reporter-output>
  </reporter-output>
  <suite name="Suite" duration-ms="82446" started-at="2019-05-26T08:52:39Z" finished-at="2019-05-26T08:54:01Z">
    <groups>
    </groups>
    <test name="Test1" duration-ms="42081" started-at="2019-05-26T08:52:39Z" finished-at="2019-05-26T08:53:21Z">
      <class name="com.maven.project.LoginTest">
        <test-method status="PASS" signature="loginTest()[pri:0, instance:com.maven.project.LoginTest@3f2a3a5]" name="loginTest" duration-ms="42019" started-at="2019-05-26T08:52:39Z" finished-at="2019-05-26T08:53:21Z">
          <reporter-output>
          </reporter-output>
        </test-method> <!-- loginTest -->
      </class> <!-- com.maven.project.LoginTest -->
    </test> <!-- Test1 -->
    <test name="Test2" duration-ms="40131" started-at="2019-05-26T08:53:21Z" finished-at="2019-05-26T08:54:01Z">
      <class name="com.maven.project.GetTitleTest">
        <test-method status="PASS" signature="getTitleTest()[pri:0, instance:com.maven.project.GetTitleTest@737996a0]" name="getTitleTest" duration-ms="40131" started-at="2019-05-26T08:53:21Z" finished-at="2019-05-26T08:54:01Z">
          <reporter-output>
          </reporter-output>
        </test-method> <!-- getTitleTest -->
      </class> <!-- com.maven.project.GetTitleTest -->
    </test> <!-- Test2 -->
  </suite> <!-- Suite -->
</testng-results>
