<?xml version="1.0" encoding="UTF-8"?>
<testng-results skipped="0" failed="0" ignored="0" total="1" passed="1">
  <reporter-output>
  </reporter-output>
  <suite name="Default suite" duration-ms="16544" started-at="2019-05-04T15:32:23Z" finished-at="2019-05-04T15:32:40Z">
    <groups>
    </groups>
    <test name="Default test" duration-ms="16544" started-at="2019-05-04T15:32:23Z" finished-at="2019-05-04T15:32:40Z">
      <class name="com.maven.project.GetText">
        <test-method status="PASS" signature="getText()[pri:0, instance:com.maven.project.GetText@224edc67]" name="getText" duration-ms="16486" started-at="2019-05-04T15:32:23Z" finished-at="2019-05-04T15:32:40Z">
          <reporter-output>
          </reporter-output>
        </test-method> <!-- getText -->
      </class> <!-- com.maven.project.GetText -->
    </test> <!-- Default test -->
  </suite> <!-- Default suite -->
</testng-results>
